<?xml version="1.0" encoding="UTF-8"?><testrun name="ProductControllerRA" project="dscommerce-restassured" tests="7" started="7" failures="2" errors="0" ignored="0">
  <testsuite name="com.devsuperior.dscommerce.controllers.ProductControllerRA" time="10.793" displayname="ProductControllerRA" uniqueid="[engine:junit-jupiter]/[class:com.devsuperior.dscommerce.controllers.ProductControllerRA]">
    <testcase name="findByIdShouldReturnProductWhenIdExists" classname="com.devsuperior.dscommerce.controllers.ProductControllerRA" time="3.223" displayname="findByIdShouldReturnProductWhenIdExists()" uniqueid="[engine:junit-jupiter]/[class:com.devsuperior.dscommerce.controllers.ProductControllerRA]/[method:findByIdShouldReturnProductWhenIdExists()]"/>
    <testcase name="findAllShouldReturnPagedProductsWithPriceGreaterThan2000" classname="com.devsuperior.dscommerce.controllers.ProductControllerRA" time="0.748" displayname="findAllShouldReturnPagedProductsWithPriceGreaterThan2000()" uniqueid="[engine:junit-jupiter]/[class:com.devsuperior.dscommerce.controllers.ProductControllerRA]/[method:findAllShouldReturnPagedProductsWithPriceGreaterThan2000()]"/>
    <testcase name="insertReturnUnprocessableEntityWhenAdminLoggedAndValidName" classname="com.devsuperior.dscommerce.controllers.ProductControllerRA" time="1.533" displayname="insertReturnUnprocessableEntityWhenAdminLoggedAndValidName()" uniqueid="[engine:junit-jupiter]/[class:com.devsuperior.dscommerce.controllers.ProductControllerRA]/[method:insertReturnUnprocessableEntityWhenAdminLoggedAndValidName()]">
      <failure>java.lang.AssertionError: 1 expectation failed.
JSON path erros.message[0] doesn't match.
Expected: Nome precisar ter de 3 a 80 caracteres
  Actual: null
&#13;
	at java.base/jdk.internal.reflect.NativeConstructorAccessorImpl.newInstance0(Native Method)&#13;
	at java.base/jdk.internal.reflect.NativeConstructorAccessorImpl.newInstance(NativeConstructorAccessorImpl.java:77)&#13;
	at java.base/jdk.internal.reflect.DelegatingConstructorAccessorImpl.newInstance(DelegatingConstructorAccessorImpl.java:45)&#13;
	at java.base/java.lang.reflect.Constructor.newInstanceWithCaller(Constructor.java:499)&#13;
	at java.base/java.lang.reflect.Constructor.newInstance(Constructor.java:480)&#13;
	at org.codehaus.groovy.reflection.CachedConstructor.invoke(CachedConstructor.java:73)&#13;
	at org.codehaus.groovy.runtime.callsite.ConstructorSite$ConstructorSiteNoUnwrapNoCoerce.callConstructor(ConstructorSite.java:108)&#13;
	at org.codehaus.groovy.runtime.callsite.CallSiteArray.defaultCallConstructor(CallSiteArray.java:57)&#13;
	at org.codehaus.groovy.runtime.callsite.AbstractCallSite.callConstructor(AbstractCallSite.java:263)&#13;
	at org.codehaus.groovy.runtime.callsite.AbstractCallSite.callConstructor(AbstractCallSite.java:277)&#13;
	at io.restassured.internal.ResponseSpecificationImpl$HamcrestAssertionClosure.validate(ResponseSpecificationImpl.groovy:512)&#13;
	at io.restassured.internal.ResponseSpecificationImpl$HamcrestAssertionClosure$validate$1.call(Unknown Source)&#13;
	at io.restassured.internal.ResponseSpecificationImpl.validateResponseIfRequired(ResponseSpecificationImpl.groovy:696)&#13;
	at io.restassured.internal.ResponseSpecificationImpl.this$2$validateResponseIfRequired(ResponseSpecificationImpl.groovy)&#13;
	at java.base/jdk.internal.reflect.NativeMethodAccessorImpl.invoke0(Native Method)&#13;
	at java.base/jdk.internal.reflect.NativeMethodAccessorImpl.invoke(NativeMethodAccessorImpl.java:77)&#13;
	at java.base/jdk.internal.reflect.DelegatingMethodAccessorImpl.invoke(DelegatingMethodAccessorImpl.java:43)&#13;
	at java.base/java.lang.reflect.Method.invoke(Method.java:568)&#13;
	at org.codehaus.groovy.runtime.callsite.PlainObjectMetaMethodSite.doInvoke(PlainObjectMetaMethodSite.java:43)&#13;
	at org.codehaus.groovy.runtime.callsite.PogoMetaMethodSite$PogoCachedMethodSiteNoUnwrapNoCoerce.invoke(PogoMetaMethodSite.java:198)&#13;
	at org.codehaus.groovy.runtime.callsite.PogoMetaMethodSite.callCurrent(PogoMetaMethodSite.java:62)&#13;
	at org.codehaus.groovy.runtime.callsite.AbstractCallSite.callCurrent(AbstractCallSite.java:185)&#13;
	at io.restassured.internal.ResponseSpecificationImpl.body(ResponseSpecificationImpl.groovy:270)&#13;
	at io.restassured.specification.ResponseSpecification$body$1.callCurrent(Unknown Source)&#13;
	at org.codehaus.groovy.runtime.callsite.CallSiteArray.defaultCallCurrent(CallSiteArray.java:49)&#13;
	at io.restassured.specification.ResponseSpecification$body$1.callCurrent(Unknown Source)&#13;
	at io.restassured.internal.ResponseSpecificationImpl.body(ResponseSpecificationImpl.groovy:117)&#13;
	at io.restassured.internal.ValidatableResponseOptionsImpl.body(ValidatableResponseOptionsImpl.java:244)&#13;
	at com.devsuperior.dscommerce.controllers.ProductControllerRA.insertReturnUnprocessableEntityWhenAdminLoggedAndValidName(ProductControllerRA.java:155)&#13;
	at java.base/java.lang.reflect.Method.invoke(Method.java:568)&#13;
	at java.base/java.util.ArrayList.forEach(ArrayList.java:1511)&#13;
	at java.base/java.util.ArrayList.forEach(ArrayList.java:1511)&#13;
&#13;
</failure>
    </testcase>
    <testcase name="insertReturnUnprocessableEntityWhenAdminLoggedAndInvalidDescription" classname="com.devsuperior.dscommerce.controllers.ProductControllerRA" time="1.136" displayname="insertReturnUnprocessableEntityWhenAdminLoggedAndInvalidDescription()" uniqueid="[engine:junit-jupiter]/[class:com.devsuperior.dscommerce.controllers.ProductControllerRA]/[method:insertReturnUnprocessableEntityWhenAdminLoggedAndInvalidDescription()]">
      <failure>java.lang.AssertionError: 1 expectation failed.
JSON path erros.message[0] doesn't match.
Expected: Descrição precisa ter no mínimo 10 caracteres
  Actual: null
&#13;
	at java.base/jdk.internal.reflect.NativeConstructorAccessorImpl.newInstance0(Native Method)&#13;
	at java.base/jdk.internal.reflect.NativeConstructorAccessorImpl.newInstance(NativeConstructorAccessorImpl.java:77)&#13;
	at java.base/jdk.internal.reflect.DelegatingConstructorAccessorImpl.newInstance(DelegatingConstructorAccessorImpl.java:45)&#13;
	at java.base/java.lang.reflect.Constructor.newInstanceWithCaller(Constructor.java:499)&#13;
	at java.base/java.lang.reflect.Constructor.newInstance(Constructor.java:480)&#13;
	at org.codehaus.groovy.reflection.CachedConstructor.invoke(CachedConstructor.java:73)&#13;
	at org.codehaus.groovy.runtime.callsite.ConstructorSite$ConstructorSiteNoUnwrapNoCoerce.callConstructor(ConstructorSite.java:108)&#13;
	at org.codehaus.groovy.runtime.callsite.AbstractCallSite.callConstructor(AbstractCallSite.java:277)&#13;
	at io.restassured.internal.ResponseSpecificationImpl$HamcrestAssertionClosure.validate(ResponseSpecificationImpl.groovy:512)&#13;
	at io.restassured.internal.ResponseSpecificationImpl$HamcrestAssertionClosure$validate$1.call(Unknown Source)&#13;
	at io.restassured.internal.ResponseSpecificationImpl.validateResponseIfRequired(ResponseSpecificationImpl.groovy:696)&#13;
	at io.restassured.internal.ResponseSpecificationImpl.this$2$validateResponseIfRequired(ResponseSpecificationImpl.groovy)&#13;
	at java.base/jdk.internal.reflect.NativeMethodAccessorImpl.invoke0(Native Method)&#13;
	at java.base/jdk.internal.reflect.NativeMethodAccessorImpl.invoke(NativeMethodAccessorImpl.java:77)&#13;
	at java.base/jdk.internal.reflect.DelegatingMethodAccessorImpl.invoke(DelegatingMethodAccessorImpl.java:43)&#13;
	at java.base/java.lang.reflect.Method.invoke(Method.java:568)&#13;
	at org.codehaus.groovy.runtime.callsite.PlainObjectMetaMethodSite.doInvoke(PlainObjectMetaMethodSite.java:43)&#13;
	at org.codehaus.groovy.runtime.callsite.PogoMetaMethodSite$PogoCachedMethodSiteNoUnwrapNoCoerce.invoke(PogoMetaMethodSite.java:198)&#13;
	at org.codehaus.groovy.runtime.callsite.PogoMetaMethodSite.callCurrent(PogoMetaMethodSite.java:62)&#13;
	at org.codehaus.groovy.runtime.callsite.AbstractCallSite.callCurrent(AbstractCallSite.java:185)&#13;
	at io.restassured.internal.ResponseSpecificationImpl.body(ResponseSpecificationImpl.groovy:270)&#13;
	at io.restassured.specification.ResponseSpecification$body$1.callCurrent(Unknown Source)&#13;
	at io.restassured.internal.ResponseSpecificationImpl.body(ResponseSpecificationImpl.groovy:117)&#13;
	at io.restassured.internal.ValidatableResponseOptionsImpl.body(ValidatableResponseOptionsImpl.java:244)&#13;
	at com.devsuperior.dscommerce.controllers.ProductControllerRA.insertReturnUnprocessableEntityWhenAdminLoggedAndInvalidDescription(ProductControllerRA.java:174)&#13;
	at java.base/java.lang.reflect.Method.invoke(Method.java:568)&#13;
	at java.base/java.util.ArrayList.forEach(ArrayList.java:1511)&#13;
	at java.base/java.util.ArrayList.forEach(ArrayList.java:1511)&#13;
&#13;
</failure>
    </testcase>
    <testcase name="findAllShouldReturnPageProductsWhenProductNameIsEmpty" classname="com.devsuperior.dscommerce.controllers.ProductControllerRA" time="1.296" displayname="findAllShouldReturnPageProductsWhenProductNameIsEmpty()" uniqueid="[engine:junit-jupiter]/[class:com.devsuperior.dscommerce.controllers.ProductControllerRA]/[method:findAllShouldReturnPageProductsWhenProductNameIsEmpty()]"/>
    <testcase name="findAllShouldReturnPageProductsWhenProductNameIsNotEmpty" classname="com.devsuperior.dscommerce.controllers.ProductControllerRA" time="1.369" displayname="findAllShouldReturnPageProductsWhenProductNameIsNotEmpty()" uniqueid="[engine:junit-jupiter]/[class:com.devsuperior.dscommerce.controllers.ProductControllerRA]/[method:findAllShouldReturnPageProductsWhenProductNameIsNotEmpty()]"/>
    <testcase name="insertReturnProductCreatedWhenAdminLogged" classname="com.devsuperior.dscommerce.controllers.ProductControllerRA" time="1.482" displayname="insertReturnProductCreatedWhenAdminLogged()" uniqueid="[engine:junit-jupiter]/[class:com.devsuperior.dscommerce.controllers.ProductControllerRA]/[method:insertReturnProductCreatedWhenAdminLogged()]"/>
  </testsuite>
</testrun>
